  * * * * * * GABS Version 12 [02-May-2019] Report file  * * * * * * 
  Current date: 13:52:18 02-May-2019
  ENSDF input file: Ir192_ec_gabs.in
  Calculating new normalization factor * * * * *
  New ENSDF file:   Ir192_ec_gabs.new
 
  Data set: 192IR EC DECAY (73.829 D)
  Transitions used for normalization:
    192OS  G 205.79430  9 4.01   6  E2                     0.305  9             B X
    192OS  G 489.06     3 0.527   9 E2                     0.0242  7              X
 
  Data set: 192IR B- DECAY (73.829 D)
  Transitions used for normalization:
    192PT  G 316.50618 17 100.0  5 E2                      0.085  3             B X
    192PT  G 612.46215 26 6.365  25E2                      0.0155 5             B X
 
  Normalization: 192IR EC DECAY (73.829 D)  NR=     17.3  BR=   0.0478  7
  E=205.79430(9)     %IG=3.32 (5)      Compare with %IG=3.32(7)
  E=283.2668(8)      %IG=0.2659 (28)
  E=489.06(3)        %IG=0.436 (8)     Compare with %IG=0.436(10)
  E=374.4852(8)      %IG=0.727 (6)
  E=110.33(17)       %IG=0.0128 (7)
  E=201.3112(7)      %IG=0.471 (6)
  E=484.5751(4)      %IG=3.196 (19)
  E=329.09(15)       %IG=0.0173 (6)
  E=420.51(6)        %IG=0.069 (7)
  E=703.78(19)       %IG=0.0053 (7)
 
  Normalization: 192IR B- DECAY (73.829 D)  NR=    0.870  BR=   0.9522  7
  E=214.7(5)         %IG=0.0053 (7)
  E=314.80(25)       %IG=0.0053 (7)
  E=319.32(25)       %IG=0.0053 (7)
  E=415.4(5)         %IG=0.0053 (7)
  E=739(1)           %IG=0.0053 (7)
  E=316.50618(17)    %IG=82.83 (22)    Compare with %IG=82.8(4)
  E=295.95650(15)    %IG=28.70 (15)
  E=612.46215(26)    %IG=5.272 (34)    Compare with %IG=5.272(21)
  E=468.06885(26)    %IG=47.82 (25)
  E=136.39(3)        %IG=0.199 (25)
  E=308.45507(17)    %IG=29.69 (16)
  E=604.41105(25)    %IG=8.21 (5)
  E=280.27(24)       %IG=0.008 (4)
  E=416.4688(7)      %IG=0.670 (21)
  E=588.5810(7)      %IG=4.521 (25)
  E=884.5365(7)      %IG=0.292 (7)
  E=176.98(4)        %IG=0.0043 (10)
  E=593.63(19)       %IG=0.0420 (10)
  E=765.8(3)         %IG=0.0013 (6)
  E=1061.49(4)       %IG=0.0531 (6)
  E=1378.50(24)      %IG=0.00140 (19)
  E=599.41(15)       %IG=0.0039 (17)
  E=485.45(6)        %IG=0.0047 (4)
  E=1089.96(26)      %IG=0.00116 (16)
