  * * * * * * GABS Version 12 [02-May-2019] Report file  * * * * * * 
  Current date: 13:34:27 02-May-2019
  ENSDF input file: Nb96_b_gabs.in
  Calculating new normalization factor * * * * *
  New ENSDF file:   Nb96_b_gabs.new
 
  Data set: 96NB B- DECAY
  Transitions used for normalization:
     96MO  G 778.224   151000    2 E2                      1.41E-3                X
     96MO  G 1497.807  1534.0    7                                                X
     96MO  G 1625.90   5 1.6     1 E2                      4.12E-4                X
 
  Normalization: 96NB B- DECAY  NR= 0.09643 20  BR= 1.000 
  E=778.224(15)      %IG=96.43 (7)     Compare with %IG=96.43(28)
  E=719.562(17)      %IG=6.85 (9)
  E=1497.807(15)     %IG=3.28 (7)      Compare with %IG=3.28(7)
  E=128.0(4)         %IG=0.016 (10)
  E=847.69(2)        %IG=1.14 (6)
  E=1625.90(5)       %IG=0.154 (10)    Compare with %IG=0.154(10)
  E=849.929(13)      %IG=20.44 (20)
  E=241.377(15)      %IG=3.5 (4)
  E=371.807(15)      %IG=2.62 (9)
  E=1091.349(12)     %IG=48.5 (15)
  E=108.95(11)       %IG=0.044 (14)
  E=350.053(19)      %IG=1.06 (9)
  E=352.56(3)        %IG=0.83 (4)
  E=480.705(17)      %IG=5.83 (5)
  E=1200.231(13)     %IG=19.96 (10)
  E=241.38           %IG=0.752 LE
  E=350.053(19)      %IG=0.48 (10)
  E=591.24(5)        %IG=0.94 (9)
  E=593.25(14)       %IG=0.31 (8)
  E=721.629(19)      %IG=1.02 (6)
  E=1441.129(24)     %IG=0.444 (19)
  E=219.081(18)      %IG=2.97 (5)
  E=460.040(12)      %IG=26.61 (20)
  E=568.871(12)      %IG=57.96 (31)
  E=810.330(15)      %IG=11.09 (10)
  E=812.581(15)      %IG=2.95 (8)
  E=314.34(7)        %IG=0.074 (14)
  E=316.27(9)        %IG=0.061 (9)
  E=1126.965(21)     %IG=0.424 (19)
  E=120.3(4)         %IG=0.024 (10)
  E=434.73(4)        %IG=0.376 (29)
  E=1346.9(3)        %IG=0.024 (10)
