  * * * * * * GABS Version 12 [03-Apr-2019] Report file  * * * * * * 
  Current date: 18:36:22 03-Apr-2019
  ENSDF input file: Po205_ec_gabs.in
  Calculating new normalization factor * * * * *
  New ENSDF file:   Po205_ec_gabs.new
 
  Data set: 205AT EC DECAY
 
  Transitions used for normalization:
    205PO  G 143.166   17 2.69   19E2                      1.641                  X
    205PO  G 154.198   12 5.0    4 M1(+E2)   0.22    LE    3.19   7               X
    205PO  G 384.61    14 3.98   20M1+E2     0.87    13    0.173  16              X
    205PO  G 669.41    4  28.1   12E2                      0.01661                X
    205PO  G 719.30    4  100.000  E2                      0.01426                X
    205PO  G 782.80    12 6.41   28M1+E2     2.8     +12-6 0.0151 16              X
    205PO  G 806.44    8  1.72   12M1+E2     0.4     3     0.033  5               X
    205PO  G 872.4     5  10.2   15M1+E2     0.6     5     0.024  6               X
    205PO  G 902.22    10 1.42   7   M1+E2    2.4     9     0.012  3              X
    205PO  G 1167.40   22 0.69   7                                                X
    205PO  G 1632.8    3  1.66   12[E1]                    1.42E-3                X
    205PO  G 1651.22   15 1.58   13(M1)                    0.00594                X
    205PO  G 1761.34   25 1.01   6                                                X
    205PO  G 3033.5    10 0.33   4                                                X
    205PO  G 3045.5    10 0.160  1                                                X
    205PO  G 3052.0    10 0.200  1                                                X
    205PO  G 3172.0    15 0.180  1                                                X
 
  Normalization: 205AT EC DECAY  NR= 0.589 16  BR= 0.900 20
  E=105.15(10)       %IG=0.111 (16)
  E=123.35(4)        %IG=0.149 (14)
  E=165.7(1)         %IG=0.48 (11)
  E=178.6(1)         %IG=0.21 (5)
  E=275.6(2)         %IG=0.26 (11)
  E=312.5(2)         %IG=1.11 (8)
  E=336.9(2)         %IG=0.37 (11)
  E=462.5(1)         %IG=0.95 (21)
  E=506.2(3)         %IG=0.26 (21)
  E=511              %IG=7.6 (5)
  E=566.2(7)         %IG=0.74 (13)
  E=577.10(9)        %IG=0.95 (8)
  E=583.7(2)         %IG=0.48 (21)
  E=587.04(8)        %IG=0.85 (9)
  E=595.43(10)       %IG=0.91 (7)
  E=636.85(15)       %IG=0.43 (6)
  E=693.5(7)         %IG=0.38 (6)
  E=789.20(16)       %IG=2.20 (14)
  E=819.49(10)       %IG=1.13 (10)
  E=913.5 AP         %IG=0.233 (33)
  E=936.03(15)       %IG=0.67 (9)
  E=941.94(20)       %IG=0.73 (8)
  E=947.45(20)       %IG=0.35 (6)
  E=971.87(35)       %IG=0.413 (35)
  E=993.3(3)         %IG=0.58 (11)
  E=1013.70(14)      %IG=1.09 (6)
  E=1026.2(3)        %IG=1.59 (32)
  E=1038.0(10)       %IG=0.26 (5)
  E=1064.0(10)       %IG=0.249 (28)
  E=1071.82(32)      %IG=0.276 (28)
  E=1160.5(10)       %IG=0.223 (33)
  E=1174.5 AP        %IG=0.185 (6)
  E=1252.02(11)      %IG=0.95 (6)
  E=1325.4(3)        %IG=2.23 (28)
  E=1358.2(5)        %IG=0.350 (34)
  E=1389.0(10)       %IG=0.39 (4)
  E=1429.24(36)      %IG=0.254 (28)
  E=1437.0(5)        %IG=0.30 (4)
  E=1442.89(20)      %IG=0.59 (5)
  E=1455.8(4)        %IG=0.38 (4)
  E=1484.43(37)      %IG=0.413 (30)
  E=1488.5(10)       %IG=0.238 (8)
  E=1561.5(10)       %IG=0.244 (33)
  E=1600.0(10)       %IG=0.30 (6)
  E=1688.6(8)        %IG=0.47 (5)
  E=1749.8(5)        %IG=0.35 (4)
  E=1788.5(10)       %IG=0.244 (28)
  E=1803.5(10)       %IG=0.249 (28)
  E=1851.5(10)       %IG=0.196 (22)
  E=1875.0(10)       %IG=0.254 (28)
  E=1906.70(25)      %IG=0.49 (4)
  E=2006.0(6)        %IG=0.207 (22)
  E=2031.9(5)        %IG=0.493 (31)
  E=2069.5 AP        %IG=0.122 (22)
  E=2119.4(5)        %IG=0.191 (32)
  E=2709.0(15)       %IG=0.159 (5)
  E=2865.0(15)       %IG=0.0901 (31)
  E=143.166(17)      %IG=1.43 (11)     Compare with %IG=1.43(11)
  E=11.032(19)       %IG=0.0112 (9)
  E=154.198(12)      %IG=2.65 (21)     Compare with %IG=2.65(23)
  E=230.12(7)        %IG=0.54 (5)
  E=384.61(14)       %IG=2.11 (13)     Compare with %IG=2.11(13)
  E=669.41(4)        %IG=14.9 (7)      Compare with %IG=14.9(8)
  E=719.30(4)        %IG=53.0 (18)     Compare with %IG=53.0(18)
  E=113.3(5)         %IG=0.0530 (18)
  E=628.88(7)        %IG=9.7 (8)
  E=782.80(12)       %IG=3.40 (19)     Compare with %IG=3.40(19)
  E=414.65(20)       %IG=0.51 (6)
  E=644.86(20)       %IG=0.57 (5)
  E=652.5(7)         %IG=0.79 (20)
  E=806.44(8)        %IG=0.91 (7)      Compare with %IG=0.91(7)
  E=202.60(20)       %IG=0.57 (7)
  E=487.86(11)       %IG=0.95 (6)
  E=872.4(5)         %IG=5.4 (8)       Compare with %IG=5.4(8)
  E=161.030(17)      %IG=1.80 (13)
  E=748.45(30)       %IG=0.50 (7)
  E=902.22(10)       %IG=0.75 (5)      Compare with %IG=0.75(5)
  E=311.090(25)      %IG=7.2 (4)
  E=360.91(7)        %IG=2.01 (15)
  E=369(1)           %IG=0.32 (4)
  E=384.61           %IG=0.32 (4)
  E=448.61(7)        %IG=2.92 (18)
  E=1167.40(22)      %IG=0.37 (4)      Compare with %IG=0.37(4)
  E=364.60(9)        %IG=1.46 (13)
  E=725.51(30)       %IG=1.02 (6)
  E=520.44(6)        %IG=7.6 (4)
  E=528.90(13)       %IG=1.23 (9)
  E=617.80(7)        %IG=3.79 (21)
  E=395.70(8)        %IG=0.74 (9)
  E=553.94(7)        %IG=1.07 (8)
  E=756.82(18)       %IG=1.09 (8)
  E=659.63(6)        %IG=3.90 (22)
  E=152.38(7)        %IG=0.254 (33)
  E=672.85(5)        %IG=5.56 (33)
  E=232.54(20)       %IG=0.28 (8)
  E=760.5(5)         %IG=0.26 (4)
  E=1479.16(10)      %IG=1.53 (11)
  E=1632.8(3)        %IG=0.88 (7)      Compare with %IG=0.88(7)
  E=484.00(26)       %IG=0.34 (5)
  E=845.2(8)         %IG=0.60 (6)
  E=932.0(10)        %IG=0.30 (4)
  E=1495.4(10)       %IG=0.26 (4)
  E=1651.22(15)      %IG=0.84 (7)      Compare with %IG=0.84(7)
  E=859.2(4)         %IG=0.50 (11)
  E=1091.84(25)      %IG=0.35 (4)
  E=1761.34(25)      %IG=0.54 (4)      Compare with %IG=0.54(4)
  E=317.0(10)        %IG=0.32 (4)
  E=455.14(18)       %IG=0.84 (5)
  E=976.00(12)       %IG=1.57 (8)
  E=1101.84(25)      %IG=0.33 (5)
  E=1754.7(10)       %IG=0.223 (33)
  E=744.26(30)       %IG=0.50 (5)
  E=1031.69(8)       %IG=3.44 (34)
  E=1194.0(10)       %IG=0.23 (4)
  E=1242.2(5)        %IG=0.52 (7)
  E=1171.04(8)       %IG=1.21 (8)
  E=516.04(12)       %IG=2.25 (18)
  E=1342.3(10)       %IG=0.233 (23)
  E=792.5(3)         %IG=0.90 (10)
  E=1307.60(8)       %IG=1.84 (13)
  E=802.0(8)         %IG=0.41 (6)
  E=929.61(14)       %IG=0.93 (8)
  E=955.3(5)         %IG=0.37 (10)
  E=961.05(20)       %IG=0.56 (5)
  E=1187.6(5)        %IG=0.244 (15)
  E=1324.95(8)       %IG=2.19 (15)
  E=1475.36(9)       %IG=1.46 (9)
  E=1637.0(5)        %IG=0.30 (6)
  E=1685.5(10)       %IG=0.408 (35)
  E=127.93(4)        %IG=0.286 (23)
  E=1082.72(22)      %IG=0.98 (7)
  E=649.5(7)         %IG=0.58 (8)
  E=890.0(10)        %IG=0.26 (5)
  E=1246.2(5)        %IG=0.63 (5)
  E=1374.0(10)       %IG=0.238 (28)
  E=1398.3(3)        %IG=0.65 (5)
  E=1768.79(20)      %IG=0.58 (4)
  E=1928.5(10)       %IG=0.212 (22)
  E=2016.5(10)       %IG=0.175 (32)
  E=1377.5(10)       %IG=0.34 (4)
  E=1531.3(8)        %IG=0.339 (29)
  E=2028.5(10)       %IG=0.132 (22)
  E=2050.46(20)      %IG=1.26 (7)
  E=2147.0(10)       %IG=0.185 (32)
  E=2160.8(6)        %IG=0.281 (33)
  E=2363.3(7)        %IG=0.164 (32)
  E=3033.5(10)       %IG=0.175 (22)    Compare with %IG=0.175(22)
  E=691.4(6)         %IG=0.61 (8)
  E=1413.43(20)      %IG=0.62 (5)
  E=3045.5(10)       %IG=0.0848 (30)   Compare with %IG=0.0848(30)
  E=568.5(7)         %IG=0.93 (16)
  E=2180.7(6)        %IG=0.191 (27)
  E=2268.0(10)       %IG=0.212 (7)
  E=3052.0(10)       %IG=0.106 (4)     Compare with %IG=0.106(4)
  E=1262.5(10)       %IG=0.28 (4)
  E=1410.0(10)       %IG=0.191 (32)
  E=1537.2(4)        %IG=0.82 (5)
  E=1775.5(10)       %IG=0.233 (28)
  E=2142.0(10)       %IG=0.154 (32)
  E=3172.0(15)       %IG=0.0954 (33)   Compare with %IG=0.0954(33)
